Fri Oct 28 01:01:07 CST 2016  [debug] AvalonLogSystem initialized using logfile 'D:\Code\JavaWeb\.metadata\.plugins\com.genuitec.eclipse.templates\velocity.log'
Fri Oct 28 01:01:07 CST 2016   [info] ************************************************************** 
Fri Oct 28 01:01:07 CST 2016   [info] Starting Jakarta Velocity v1.4
Fri Oct 28 01:01:07 CST 2016   [info] RuntimeInstance initializing.
Fri Oct 28 01:01:07 CST 2016   [info] Default Properties File: org\apache\velocity\runtime\defaults\velocity.properties
Fri Oct 28 01:01:07 CST 2016   [info] Trying to use logger class org.apache.velocity.runtime.log.AvalonLogSystem
Fri Oct 28 01:01:07 CST 2016   [info] Using logger class org.apache.velocity.runtime.log.AvalonLogSystem
Fri Oct 28 01:01:07 CST 2016   [info] Default ResourceManager initializing. (class org.apache.velocity.runtime.resource.ResourceManagerImpl)
Fri Oct 28 01:01:07 CST 2016   [info] Resource Loader Instantiated: com.genuitec.eclipse.templates.internal.PluginResourceLoader
Fri Oct 28 01:01:07 CST 2016   [info] ResourceCache : initialized. (class org.apache.velocity.runtime.resource.ResourceCacheImpl)
Fri Oct 28 01:01:07 CST 2016   [info] Default ResourceManager initialization complete.
Fri Oct 28 01:01:07 CST 2016   [info] Loaded System Directive: org.apache.velocity.runtime.directive.Literal
Fri Oct 28 01:01:07 CST 2016   [info] Loaded System Directive: org.apache.velocity.runtime.directive.Macro
Fri Oct 28 01:01:07 CST 2016   [info] Loaded System Directive: org.apache.velocity.runtime.directive.Parse
Fri Oct 28 01:01:07 CST 2016   [info] Loaded System Directive: org.apache.velocity.runtime.directive.Include
Fri Oct 28 01:01:07 CST 2016   [info] Loaded System Directive: org.apache.velocity.runtime.directive.Foreach
Fri Oct 28 01:01:07 CST 2016   [info] Created: 20 parsers.
Fri Oct 28 01:01:07 CST 2016   [info] Velocimacro : initialization starting.
Fri Oct 28 01:01:07 CST 2016   [info] Velocimacro : adding VMs from VM library template : VM_global_library.vm
Fri Oct 28 01:01:07 CST 2016  [error] ResourceManager : unable to find resource 'VM_global_library.vm' in any resource loader.
Fri Oct 28 01:01:07 CST 2016   [info] Velocimacro : error using  VM library template VM_global_library.vm : org.apache.velocity.exception.ResourceNotFoundException: Unable to find resource 'VM_global_library.vm'
Fri Oct 28 01:01:07 CST 2016   [info] Velocimacro :  VM library template macro registration complete.
Fri Oct 28 01:01:07 CST 2016   [info] Velocimacro : allowInline = true : VMs can be defined inline in templates
Fri Oct 28 01:01:07 CST 2016   [info] Velocimacro : allowInlineToOverride = true : VMs defined inline may replace previous VM definitions
Fri Oct 28 01:01:07 CST 2016   [info] Velocimacro : allowInlineLocal = true : VMs defined inline will be local to their defining template only.
Fri Oct 28 01:01:07 CST 2016   [info] Velocimacro : messages on  : VM system will output logging messages
Fri Oct 28 01:01:07 CST 2016   [info] Velocimacro : autoload off  : VM system will not automatically reload global library macros
Fri Oct 28 01:01:07 CST 2016   [info] Velocimacro : initialization complete.
Fri Oct 28 01:01:07 CST 2016   [info] Velocity successfully started.
Fri Oct 28 01:01:07 CST 2016   [info] ResourceManager : found templates/web.xml.vm with loader com.genuitec.eclipse.templates.internal.PluginResourceLoader
Fri Oct 28 01:01:07 CST 2016   [info] ResourceManager : found /templates/velocity/welcome/Jsp.vtl with loader com.genuitec.eclipse.templates.internal.PluginResourceLoader
